# configure exec: ./configure --prefix=/opt/cdk/kafka/v0.11.0
# On 2017年11月14日 星期二 08时55分55秒 CST
DBG: ccenv: WITH_CC:  --version failed: mklove/modules/configure.base: line 1184: --version: command not found
DBG: Check ccenv (WITH_CC, action cont (originally cont)) failed: command ' --version' failed:
mklove/modules/configure.base: line 1184: --version: command not found
DBG: cxxenv: WITH_CXX:  --version failed: mklove/modules/configure.base: line 1184: --version: command not found
DBG: Check cxxenv (WITH_CXX, action cont (originally cont)) failed: command ' --version' failed:
mklove/modules/configure.base: line 1184: --version: command not found
DBG: Compile check cc_g_dwarf (): gcc   -Wall -Werror _mkltmpq3exOD.c -o _mkltmpq3exOD.c.o   -gstrict-dwarf
DBG: pkg-config check libpthread (): pkg-config --short-errors --cflags libpthread
DBG: 'pkg-config --short-errors --cflags libpthread' failed: No package 'libpthread' found
DBG: Check libpthread_PKGCONFIG (, action cont (originally cont)) failed: 'pkg-config --short-errors --cflags libpthread' failed:
No package 'libpthread' found
DBG: pkg-config check zlib (): pkg-config --short-errors --cflags zlib
DBG: pkg-config check libcrypto (): pkg-config --short-errors --cflags libcrypto
DBG: 'pkg-config --short-errors --cflags libcrypto' failed: No package 'libcrypto' found
DBG: Check libcrypto_PKGCONFIG (, action cont (originally cont)) failed: 'pkg-config --short-errors --cflags libcrypto' failed:
No package 'libcrypto' found
DBG: pkg-config check liblz4 (): pkg-config --short-errors --cflags liblz4
DBG: 'pkg-config --short-errors --cflags liblz4' failed: No package 'liblz4' found
DBG: Check liblz4_PKGCONFIG (, action cont (originally cont)) failed: 'pkg-config --short-errors --cflags liblz4' failed:
No package 'liblz4' found
DBG: Compile check liblz4 (WITH_LZ4_EXT): gcc  -gstrict-dwarf -O2 -fPIC -Wall -Wsign-compare -Wfloat-equal -Wpointer-arith -Wcast-align -Wall -Werror _mkltmpajs6SW.c -o _mkltmpajs6SW.c.o   -llz4
DBG: compile check for liblz4 (WITH_LZ4_EXT) failed: gcc  -gstrict-dwarf -O2 -fPIC -Wall -Wsign-compare -Wfloat-equal -Wpointer-arith -Wcast-align -Wall -Werror _mkltmpajs6SW.c -o _mkltmpajs6SW.c.o   -llz4: _mkltmpajs6SW.c:1:10: fatal error: 'lz4frame.h' file not found
#include <lz4frame.h>
         ^~~~~~~~~~~~
1 error generated.
DBG: Check liblz4 (WITH_LZ4_EXT, action disable (originally disable)) failed: compile check failed:
CC: CC
flags: -llz4
gcc  -gstrict-dwarf -O2 -fPIC -Wall -Wsign-compare -Wfloat-equal -Wpointer-arith -Wcast-align -Wall -Werror _mkltmpajs6SW.c -o _mkltmpajs6SW.c.o   -llz4:
_mkltmpajs6SW.c:1:10: fatal error: 'lz4frame.h' file not found
#include <lz4frame.h>
         ^~~~~~~~~~~~
1 error generated.
source: #include <lz4frame.h>
DBG: pkg-config check libssl (): pkg-config --short-errors --cflags libssl
DBG: pkg-config check libsasl2 (): pkg-config --short-errors --cflags libsasl2
DBG: 'pkg-config --short-errors --cflags libsasl2' failed: No package 'libsasl2' found
DBG: Check libsasl2_PKGCONFIG (, action cont (originally cont)) failed: 'pkg-config --short-errors --cflags libsasl2' failed:
No package 'libsasl2' found
DBG: Compile check libsasl2 (WITH_SASL_CYRUS): gcc -I/usr/local/Cellar/openssl/1.0.2m/include -gstrict-dwarf -O2 -fPIC -Wall -Wsign-compare -Wfloat-equal -Wpointer-arith -Wcast-align -Wall -Werror _mkltmpLncHsT.c -o _mkltmpLncHsT.c.o   -lsasl2
DBG: pkg-config check librt (): pkg-config --short-errors --cflags librt
DBG: 'pkg-config --short-errors --cflags librt' failed: No package 'librt' found
DBG: Check librt_PKGCONFIG (, action cont (originally cont)) failed: 'pkg-config --short-errors --cflags librt' failed:
No package 'librt' found
DBG: pkg-config check libdl (): pkg-config --short-errors --cflags libdl
DBG: 'pkg-config --short-errors --cflags libdl' failed: No package 'libdl' found
DBG: Check libdl_PKGCONFIG (, action cont (originally cont)) failed: 'pkg-config --short-errors --cflags libdl' failed:
No package 'libdl' found
